e:\vspro\cervicescript\cervice\x64\release\cervice.ipdb
e:\vspro\cervicescript\cervice\x64\release\cervice.iobj
e:\vspro\cervicescript\cervice\x64\release\vc142.pdb
e:\vspro\cervicescript\cervice\x64\release\cervm.obj
e:\vspro\cervicescript\cervice\x64\release\cerstacksystem.obj
e:\vspro\cervicescript\cervice\x64\release\cerstackframe.obj
e:\vspro\cervicescript\cervice\x64\release\cerruntime.obj
e:\vspro\cervicescript\cervice\x64\release\cercalcstack.obj
e:\vspro\cervicescript\cervice\x64\release\cerparser.obj
e:\vspro\cervicescript\cervice\x64\release\ast.obj
e:\vspro\cervicescript\cervice\x64\release\cerlexical.obj
e:\vspro\cervicescript\cervice\x64\release\symbolclass.obj
e:\vspro\cervicescript\cervice\x64\release\semanticanalyzer.obj
e:\vspro\cervicescript\cervice\x64\release\nodevisitor.obj
e:\vspro\cervicescript\cervice\x64\release\commandcode.obj
e:\vspro\cervicescript\cervice\x64\release\cerinterpreter.obj
e:\vspro\cervicescript\cervice\x64\release\letobjectoperator.obj
e:\vspro\cervicescript\cervice\x64\release\letobject.obj
e:\vspro\cervicescript\cervice\x64\release\letmanager.obj
e:\vspro\cervicescript\cervice\x64\release\kstring.obj
e:\vspro\cervicescript\cervice\x64\release\md5.obj
e:\vspro\cervicescript\cervice\x64\release\md5encrypt.obj
e:\vspro\cervicescript\cervice\x64\release\base64.obj
e:\vspro\cervicescript\cervice\x64\release\main.obj
e:\vspro\cervicescript\cervice\x64\release\errorhandling.obj
e:\vspro\cervicescript\cervice\x64\release\dllfuncreader.obj
e:\vspro\cervicescript\cervice\x64\release\letarraymotion.obj
e:\vspro\cervicescript\cervice\x64\release\cervice.exe
e:\vspro\cervicescript\cervice\x64\release\cervice.pdb
e:\vspro\cervicescript\cervice\x64\release\quicklib.pdb
e:\vspro\cervicescript\cervice\x64\release\cervice.tlog\cervice.write.1u.tlog
e:\vspro\cervicescript\cervice\x64\release\cervice.tlog\cl.command.1.tlog
e:\vspro\cervicescript\cervice\x64\release\cervice.tlog\cl.read.1.tlog
e:\vspro\cervicescript\cervice\x64\release\cervice.tlog\cl.write.1.tlog
e:\vspro\cervicescript\cervice\x64\release\cervice.tlog\link.command.1.tlog
e:\vspro\cervicescript\cervice\x64\release\cervice.tlog\link.read.1.tlog
e:\vspro\cervicescript\cervice\x64\release\cervice.tlog\link.write.1.tlog
