e:\vspro\cervicescript\cervice\debug\vc142.pdb
e:\vspro\cervicescript\cervice\debug\vc142.idb
e:\vspro\cervicescript\cervice\debug\main.obj
e:\vspro\cervicescript\cervice\debug\cerparser.obj
e:\vspro\cervicescript\cervice\debug\ast.obj
e:\vspro\cervicescript\cervice\debug\cerlexical.obj
e:\vspro\cervicescript\cervice\debug\cerinterpreter.obj
e:\vspro\cervicescript\cervice\debug\object.obj
e:\vspro\cervicescript\cervice\debug\nodevisitor.obj
e:\vspro\cervicescript\cervice\debug\commandcode.obj
e:\vspro\cervicescript\cervice\debug\cervm.obj
e:\vspro\cervicescript\cervice\debug\cercalcstack.obj
e:\vspro\cervicescript\cervice\debug\objectauto.obj
e:\vspro\cervicescript\cervice\debug\symbolclass.obj
e:\vspro\cervicescript\cervice\debug\semanticanalyzer.obj
e:\vspro\cervicescript\cervice\debug\cervice.exe
e:\vspro\cervicescript\cervice\debug\cervice.ilk
e:\vspro\cervicescript\cervice\debug\cervice.pdb
e:\vspro\cervicescript\cervice\debug\ast.obj.enc
e:\vspro\cervicescript\cervice\debug\cercalcstack.obj.enc
e:\vspro\cervicescript\cervice\debug\cerinterpreter.obj.enc
e:\vspro\cervicescript\cervice\debug\cerparser.obj.enc
e:\vspro\cervicescript\cervice\debug\cervm.obj.enc
e:\vspro\cervicescript\cervice\debug\commandcode.obj.enc
e:\vspro\cervicescript\cervice\debug\nodevisitor.obj.enc
e:\vspro\cervicescript\cervice\debug\object.obj.enc
e:\vspro\cervicescript\cervice\debug\objectauto.obj.enc
e:\vspro\cervicescript\cervice\debug\symbolclass.obj.enc
e:\vspro\cervicescript\cervice\debug\cervice.tlog\cl.command.1.tlog
e:\vspro\cervicescript\cervice\debug\cervice.tlog\cl.read.1.tlog
e:\vspro\cervicescript\cervice\debug\cervice.tlog\cl.write.1.tlog
e:\vspro\cervicescript\cervice\debug\cervice.tlog\link.command.1.tlog
e:\vspro\cervicescript\cervice\debug\cervice.tlog\link.read.1.tlog
e:\vspro\cervicescript\cervice\debug\cervice.tlog\link.write.1.tlog
