  E:\VsPro\CerviceScript\STD\CompileDLL\debug\config.cfg
  E:\VsPro\CerviceScript\STD\CompileDLL\debug\std_array.dll
  E:\VsPro\CerviceScript\STD\CompileDLL\debug\std_io.dll
  E:\VsPro\CerviceScript\STD\CompileDLL\debug\std_math.dll
  E:\VsPro\CerviceScript\STD\CompileDLL\debug\std_os.dll
  E:\VsPro\CerviceScript\STD\CompileDLL\debug\std_string.dll
  E:\VsPro\CerviceScript\STD\CompileDLL\debug\std_time.dll
  E:\VsPro\CerviceScript\STD\CompileDLL\debug\std_type.dll
  已复制         8 个文件。
  已复制         1 个文件。
  
  7-Zip 19.00 (x64) : Copyright (c) 1999-2018 Igor Pavlov : 2019-02-21
  
  Scanning the drive for archives:
  1 file, 14665 bytes (15 KiB)
  
  Extracting archive: zip.zip
  --
  Path = zip.zip
  Type = zip
  Physical Size = 14665
  
  Everything is Ok
  
  Files: 10
  Size:       85612
  Compressed: 14665
  "[+] File Name is "
  zip
  请按任意键继续. . . 
  main.cpp
  Cervice.vcxproj -> E:\VsPro\CerviceScript\Cervice\x64\Debug\Cervice.exe
