e:\vspro\cervicescript\cervice\x64\debug\vc142.pdb
e:\vspro\cervicescript\cervice\x64\debug\vc142.idb
e:\vspro\cervicescript\cervice\x64\debug\cerstacksystem.obj
e:\vspro\cervicescript\cervice\x64\debug\cerstackframe.obj
e:\vspro\cervicescript\cervice\x64\debug\cerruntime.obj
e:\vspro\cervicescript\cervice\x64\debug\cercalcstack.obj
e:\vspro\cervicescript\cervice\x64\debug\cerparser.obj
e:\vspro\cervicescript\cervice\x64\debug\ast.obj
e:\vspro\cervicescript\cervice\x64\debug\cerlexical.obj
e:\vspro\cervicescript\cervice\x64\debug\symbolclass.obj
e:\vspro\cervicescript\cervice\x64\debug\semanticanalyzer.obj
e:\vspro\cervicescript\cervice\x64\debug\nodevisitor.obj
e:\vspro\cervicescript\cervice\x64\debug\commandcode.obj
e:\vspro\cervicescript\cervice\x64\debug\cerinterpreter.obj
e:\vspro\cervicescript\cervice\x64\debug\letobjectoperator.obj
e:\vspro\cervicescript\cervice\x64\debug\letobject.obj
e:\vspro\cervicescript\cervice\x64\debug\letmanager.obj
e:\vspro\cervicescript\cervice\x64\debug\letarraymotion.obj
e:\vspro\cervicescript\cervice\x64\debug\kstring.obj
e:\vspro\cervicescript\cervice\x64\debug\md5.obj
e:\vspro\cervicescript\cervice\x64\debug\md5encrypt.obj
e:\vspro\cervicescript\cervice\x64\debug\base64.obj
e:\vspro\cervicescript\cervice\x64\debug\main.obj
e:\vspro\cervicescript\cervice\x64\debug\errorhandling.obj
e:\vspro\cervicescript\cervice\x64\debug\dllfuncreader.obj
e:\vspro\cervicescript\cervice\x64\debug\cervm.obj
e:\vspro\cervicescript\cervice\x64\debug\cervice.exe
e:\vspro\cervicescript\cervice\x64\debug\cervice.ilk
e:\vspro\cervicescript\cervice\x64\debug\cervice.pdb
e:\vspro\cervicescript\cervice\x64\debug\quicklib.ilk
e:\vspro\cervicescript\cervice\x64\debug\quicklib.pdb
e:\vspro\cervicescript\cervice\x64\debug\cervice.tlog\cl.command.1.tlog
e:\vspro\cervicescript\cervice\x64\debug\cervice.tlog\cl.read.1.tlog
e:\vspro\cervicescript\cervice\x64\debug\cervice.tlog\cl.write.1.tlog
e:\vspro\cervicescript\cervice\x64\debug\cervice.tlog\link.command.1.tlog
e:\vspro\cervicescript\cervice\x64\debug\cervice.tlog\link.read.1.tlog
e:\vspro\cervicescript\cervice\x64\debug\cervice.tlog\link.write.1.tlog
