e:\vspro\cervicescript\cervice\x64\package\cervice.ipdb
e:\vspro\cervicescript\cervice\x64\package\cervice.iobj
e:\vspro\cervicescript\cervice\x64\package\vc142.pdb
e:\vspro\cervicescript\cervice\x64\package\cervm.obj
e:\vspro\cervicescript\cervice\x64\package\cerstacksystem.obj
e:\vspro\cervicescript\cervice\x64\package\cerstackframe.obj
e:\vspro\cervicescript\cervice\x64\package\cerruntime.obj
e:\vspro\cervicescript\cervice\x64\package\cercalcstack.obj
e:\vspro\cervicescript\cervice\x64\package\cerparser.obj
e:\vspro\cervicescript\cervice\x64\package\ast.obj
e:\vspro\cervicescript\cervice\x64\package\cerlexical.obj
e:\vspro\cervicescript\cervice\x64\package\symbolclass.obj
e:\vspro\cervicescript\cervice\x64\package\semanticanalyzer.obj
e:\vspro\cervicescript\cervice\x64\package\nodevisitor.obj
e:\vspro\cervicescript\cervice\x64\package\commandcode.obj
e:\vspro\cervicescript\cervice\x64\package\cerinterpreter.obj
e:\vspro\cervicescript\cervice\x64\package\letobjectoperator.obj
e:\vspro\cervicescript\cervice\x64\package\letobject.obj
e:\vspro\cervicescript\cervice\x64\package\letmanager.obj
e:\vspro\cervicescript\cervice\x64\package\kstring.obj
e:\vspro\cervicescript\cervice\x64\package\md5.obj
e:\vspro\cervicescript\cervice\x64\package\md5encrypt.obj
e:\vspro\cervicescript\cervice\x64\package\base64.obj
e:\vspro\cervicescript\cervice\x64\package\main.obj
e:\vspro\cervicescript\cervice\x64\package\errorhandling.obj
e:\vspro\cervicescript\cervice\x64\package\dllfuncreader.obj
e:\vspro\cervicescript\cervice\x64\package\letarraymotion.obj
e:\vspro\cervicescript\cervice\x64\package\cervice.exe
e:\vspro\cervicescript\cervice\x64\package\cervice.pdb
e:\vspro\cervicescript\cervice\x64\package\cervice.tlog\cervice.write.1u.tlog
e:\vspro\cervicescript\cervice\x64\package\cervice.tlog\cl.command.1.tlog
e:\vspro\cervicescript\cervice\x64\package\cervice.tlog\cl.read.1.tlog
e:\vspro\cervicescript\cervice\x64\package\cervice.tlog\cl.write.1.tlog
e:\vspro\cervicescript\cervice\x64\package\cervice.tlog\link.command.1.tlog
e:\vspro\cervicescript\cervice\x64\package\cervice.tlog\link.read.1.tlog
e:\vspro\cervicescript\cervice\x64\package\cervice.tlog\link.write.1.tlog
